<?xml version="1.0" encoding="UTF-8"?>
<testsuite xmlns:xsi="http://www.w3.org/2001/XMLSchema-instance" xsi:noNamespaceSchemaLocation="https://maven.apache.org/surefire/maven-surefire-plugin/xsd/surefire-test-report.xsd" name="jUnitTests.AssumptionsTest" time="0.286" tests="9" errors="0" skipped="2" failures="0">
  <properties>
[...]
</properties>
  <testcase name="csvSource_StringIntBoolean{String, int, boolean}[1]" classname="jUnitTests.AssumptionsTest" time="0.159"/>
  <testcase name="csvSource_StringIntBoolean{String, int, boolean}[2]" classname="jUnitTests.AssumptionsTest" time="0"/>
  <testcase name="csvSource_StringIntBoolean{String, int, boolean}[3]" classname="jUnitTests.AssumptionsTest" time="0"/>
  <testcase name="intValues{int}[1]" classname="jUnitTests.AssumptionsTest" time="0">
    <skipped message="Assumption failed: assumption is not true" type="org.opentest4j.TestAbortedException">org.opentest4j.TestAbortedException: Assumption failed: assumption is not true
	at jUnitTests.AssumptionsTest.intValues(AssumptionsTest.java:16)
</skipped>
  </testcase>
  <testcase name="intValues{int}[2]" classname="jUnitTests.AssumptionsTest" time="0"/>
  <testcase name="intValues{int}[3]" classname="jUnitTests.AssumptionsTest" time="0"/>
  <testcase name="csvSource_StringString{String, String}[1]" classname="jUnitTests.AssumptionsTest" time="0">
    <skipped message="Assumption failed: The assumption failed for the following param2: rogers" type="org.opentest4j.TestAbortedException">org.opentest4j.TestAbortedException: Assumption failed: The assumption failed for the following param2: rogers
	at jUnitTests.AssumptionsTest.csvSource_StringString(AssumptionsTest.java:26)
</skipped>
  </testcase>
  <testcase name="csvSource_StringString{String, String}[2]" classname="jUnitTests.AssumptionsTest" time="0"/>
  <testcase name="csvSource_StringString{String, String}[3]" classname="jUnitTests.AssumptionsTest" time="0"/>
</testsuite>