<?xml version="1.0" encoding="UTF-8"?>
<testsuite xmlns:xsi="http://www.w3.org/2001/XMLSchema-instance" xsi:noNamespaceSchemaLocation="https://maven.apache.org/surefire/maven-surefire-plugin/xsd/surefire-test-report.xsd" name="jUnitTests.ParameterizedTests" time="0.146" tests="39" errors="0" skipped="0" failures="0">
  <properties>
[...]
</properties>
  <testcase name="methodSource_StringDoubleList{String, double}[1]" classname="jUnitTests.ParameterizedTests" time="0.029"/>
  <testcase name="methodSource_StringDoubleList{String, double}[2]" classname="jUnitTests.ParameterizedTests" time="0"/>
  <testcase name="methodSource_String{String}[1]" classname="jUnitTests.ParameterizedTests" time="0"/>
  <testcase name="methodSource_String{String}[2]" classname="jUnitTests.ParameterizedTests" time="0"/>
  <testcase name="methodSource_String{String}[3]" classname="jUnitTests.ParameterizedTests" time="0"/>
  <testcase name="methodSource_StringStream{String}[1]" classname="jUnitTests.ParameterizedTests" time="0"/>
  <testcase name="methodSource_StringStream{String}[2]" classname="jUnitTests.ParameterizedTests" time="0"/>
  <testcase name="methodSource_StringStream{String}[3]" classname="jUnitTests.ParameterizedTests" time="0"/>
  <testcase name="methodSource_StringDoubleStream{String, double}[1]" classname="jUnitTests.ParameterizedTests" time="0"/>
  <testcase name="methodSource_StringDoubleStream{String, double}[2]" classname="jUnitTests.ParameterizedTests" time="0"/>
  <testcase name="csvFileSource_StringDoubleIntStringString{String, double, int, String, String}[1]" classname="jUnitTests.ParameterizedTests" time="0.008"/>
  <testcase name="csvFileSource_StringDoubleIntStringString{String, double, int, String, String}[2]" classname="jUnitTests.ParameterizedTests" time="0"/>
  <testcase name="csvFileSource_StringDoubleIntStringString{String, double, int, String, String}[3]" classname="jUnitTests.ParameterizedTests" time="0.001"/>
  <testcase name="csvFileSource_StringDoubleIntStringString{String, double, int, String, String}[4]" classname="jUnitTests.ParameterizedTests" time="0.001"/>
  <testcase name="csvFileSource_StringDoubleIntStringString{String, double, int, String, String}[5]" classname="jUnitTests.ParameterizedTests" time="0.001"/>
  <testcase name="csvFileSource_StringDoubleIntStringString{String, double, int, String, String}[6]" classname="jUnitTests.ParameterizedTests" time="0"/>
  <testcase name="csvFileSource_StringDoubleIntStringString{String, double, int, String, String}[7]" classname="jUnitTests.ParameterizedTests" time="0"/>
  <testcase name="csvFileSource_StringDoubleIntStringString{String, double, int, String, String}[8]" classname="jUnitTests.ParameterizedTests" time="0.001"/>
  <testcase name="csvSource_StringIntBoolean{String, int, boolean}[1]" classname="jUnitTests.ParameterizedTests" time="0.003"/>
  <testcase name="csvSource_StringIntBoolean{String, int, boolean}[2]" classname="jUnitTests.ParameterizedTests" time="0"/>
  <testcase name="csvSource_StringIntBoolean{String, int, boolean}[3]" classname="jUnitTests.ParameterizedTests" time="0"/>
  <testcase name="csvSource_CustomDelimiter{String, String}[1]" classname="jUnitTests.ParameterizedTests" time="0.001"/>
  <testcase name="csvSource_CustomDelimiter{String, String}[2]" classname="jUnitTests.ParameterizedTests" time="0"/>
  <testcase name="intValues{int}[1]" classname="jUnitTests.ParameterizedTests" time="0.001"/>
  <testcase name="intValues{int}[2]" classname="jUnitTests.ParameterizedTests" time="0"/>
  <testcase name="intValues{int}[3]" classname="jUnitTests.ParameterizedTests" time="0"/>
  <testcase name="stringValues{String}[1]" classname="jUnitTests.ParameterizedTests" time="0.001"/>
  <testcase name="stringValues{String}[2]" classname="jUnitTests.ParameterizedTests" time="0.001"/>
  <testcase name="stringValues{String}[3]" classname="jUnitTests.ParameterizedTests" time="0"/>
  <testcase name="stringValues{String}[4]" classname="jUnitTests.ParameterizedTests" time="0.001"/>
  <testcase name="csvSource_StringString{String, String}[1]" classname="jUnitTests.ParameterizedTests" time="0.001"/>
  <testcase name="csvSource_StringString{String, String}[2]" classname="jUnitTests.ParameterizedTests" time="0"/>
  <testcase name="csvSource_StringString{String, String}[3]" classname="jUnitTests.ParameterizedTests" time="0"/>
  <testcase name="csvSource_StringWithComma{String, String}[1]" classname="jUnitTests.ParameterizedTests" time="0.001"/>
  <testcase name="csvSource_StringWithComma{String, String}[2]" classname="jUnitTests.ParameterizedTests" time="0"/>
  <testcase name="csvFileSource_StringDoubleIntStringStringCustomDelimiter{String, double, int, String, String}[1]" classname="jUnitTests.ParameterizedTests" time="0.001"/>
  <testcase name="csvFileSource_StringDoubleIntStringStringCustomDelimiter{String, double, int, String, String}[2]" classname="jUnitTests.ParameterizedTests" time="0.001"/>
  <testcase name="csvFileSource_StringDoubleIntStringStringCustomDelimiter{String, double, int, String, String}[3]" classname="jUnitTests.ParameterizedTests" time="0.001"/>
  <testcase name="csvFileSource_StringDoubleIntStringStringCustomDelimiter{String, double, int, String, String}[4]" classname="jUnitTests.ParameterizedTests" time="0.001"/>
</testsuite>